2024-11-22 20:04:33,084 - INFO - Starting photo processing
2024-11-22 20:05:33,061 - WARNING - Invalid or missing job number for PXL_20241114_160818074.jpg
2024-11-22 20:05:47,687 - WARNING - Invalid or missing job number for PXL_20241114_163.jpg
2024-11-22 20:06:44,182 - WARNING - Invalid or missing job number for IMG_4674.JPG
2024-11-22 20:07:32,605 - WARNING - Invalid or missing job number for IMG_4678.JPG
2024-11-22 20:07:56,825 - WARNING - Invalid or missing job number for IMG_4681.JPG
2024-11-22 20:08:22,682 - INFO - Processed 7 photos into 6 job folders.
5 warnings were generated:
Job 240219-02 has only 1 photo(s)
Job 904585-11 has only 1 photo(s)
Job 240416-01 has only 1 photo(s)
Job 260640-05 has only 1 photo(s)
Job 260640-50 has only 1 photo(s)
2024-11-22 20:08:22,683 - INFO - Photo processing completed
2024-11-22 20:19:31,376 - INFO - Starting photo processing
2024-11-22 20:19:41,039 - WARNING - Invalid or missing job number for PXL_20241114_160818074.jpg
2024-11-22 20:20:41,107 - INFO - Processed 2 photos into 2 job folders.
2 warnings were generated:
Job 260640-50 has only 1 photo(s)
Job 260640-05 has only 1 photo(s)
2024-11-22 20:20:41,107 - INFO - Photo processing completed
2024-11-22 20:57:10,355 - INFO - Starting photo processing
2024-11-22 20:57:31,458 - WARNING - Invalid or missing job number for IMG_4678.JPG
2024-11-22 20:57:51,945 - WARNING - Invalid or missing job number for PXL_20241114_163.jpg
2024-11-22 20:57:51,947 - INFO - Processed 1 photos into 1 job folders.
1 warnings were generated:
Job 240066-01 has only 1 photo(s)
2024-11-22 20:57:51,947 - INFO - Photo processing completed
2024-11-22 21:04:33,896 - INFO - Starting photo processing
2024-11-22 21:05:02,657 - WARNING - Invalid or missing job number for IMG_6981.JPG
2024-11-22 21:05:38,927 - WARNING - Invalid or missing job number for IMG_4677.JPG
2024-11-22 21:06:17,345 - WARNING - Invalid or missing job number for IMG_4678.JPG
2024-11-22 21:06:57,757 - WARNING - Invalid or missing job number for IMG_4685.JPG
2024-11-22 21:07:04,817 - WARNING - Invalid or missing job number for PXL_20241114_163.jpg
2024-11-22 21:07:04,817 - INFO - Processed 0 photos into 0 job folders.

2024-11-22 21:07:04,817 - INFO - Photo processing completed
2024-11-22 21:09:47,116 - INFO - Starting photo processing
2024-11-22 21:11:42,947 - WARNING - Invalid or missing job number for PXL_20241114_163.jpg
2024-11-22 21:11:42,951 - INFO - Processed 4 photos into 3 job folders.
2 warnings were generated:
Job 240219-01 has only 1 photo(s)
Job 260640-05 has only 1 photo(s)
2024-11-22 21:11:42,951 - INFO - Photo processing completed
2024-11-22 21:22:16,229 - INFO - Starting photo processing
2024-11-22 21:23:03,470 - INFO - Processed 3 photos into 3 job folders.
3 warnings were generated:
Job 240219-01 has only 1 photo(s)
Job 260640-50 has only 1 photo(s)
Job 240066-01 has only 1 photo(s)
2024-11-22 21:23:03,470 - INFO - Photo processing completed
2024-11-22 21:27:49,266 - INFO - Starting photo processing
2024-11-22 21:28:12,714 - WARNING - Invalid or missing job number for PXL_20241114_163.jpg
2024-11-22 21:28:12,716 - INFO - Processed 1 photos into 1 job folders.
1 warnings were generated:
Job 260640-50 has only 1 photo(s)
2024-11-22 21:28:12,716 - INFO - Photo processing completed
2024-11-22 21:29:23,713 - INFO - Starting photo processing
2024-11-22 21:29:25,368 - WARNING - Invalid or missing job number for PXL_20241114_163.jpg
2024-11-22 21:29:25,368 - INFO - Processed 0 photos into 0 job folders.

2024-11-22 21:29:25,369 - INFO - Photo processing completed
2024-11-22 22:07:45,005 - INFO - Starting photo processing
2024-11-22 22:07:46,290 - WARNING - Invalid or missing job number for PXL_20241114_163.jpg
2024-11-22 22:07:46,291 - INFO - Processed 0 photos into 0 job folders.

2024-11-22 22:07:46,291 - INFO - Photo processing completed
2024-11-22 22:16:00,093 - INFO - Starting photo processing
2024-11-22 22:16:01,422 - WARNING - Invalid or missing job number for PXL_20241114_163.jpg
2024-11-22 22:16:01,422 - INFO - Processed 0 photos into 0 job folders.

2024-11-22 22:16:01,422 - INFO - Photo processing completed
2024-11-22 22:16:45,873 - INFO - Starting photo processing
2024-11-22 22:16:47,181 - WARNING - Invalid or missing job number for PXL_20241114_163.jpg
2024-11-22 22:16:47,182 - INFO - Processed 0 photos into 0 job folders.

2024-11-22 22:16:47,182 - INFO - Photo processing completed
2024-11-22 22:19:08,988 - INFO - Starting photo processing
2024-11-22 22:19:09,746 - INFO - Processed 1 photos into 1 job folders.
1 warnings were generated:
Job 240066-01 has only 1 photo(s)
2024-11-22 22:19:09,746 - INFO - Photo processing completed
2024-11-22 22:33:44,488 - INFO - Starting photo processing
2024-11-22 22:33:45,973 - WARNING - Invalid or missing job number for PXL_163.jpg
2024-11-22 22:33:45,973 - INFO - Processed 0 photos into 0 job folders.

2024-11-22 22:33:45,973 - INFO - Photo processing completed
2024-11-22 22:34:31,116 - INFO - Starting photo processing
2024-11-22 22:34:32,799 - WARNING - Invalid or missing job number for PXL_163.jpg
2024-11-22 22:34:32,800 - INFO - Processed 0 photos into 0 job folders.

2024-11-22 22:34:32,800 - INFO - Photo processing completed
2024-11-22 22:37:26,844 - INFO - Starting photo processing
2024-11-22 22:37:28,393 - WARNING - Invalid or missing job number for PXL_163.jpg
2024-11-22 22:37:28,394 - INFO - Processed 0 photos into 0 job folders.

2024-11-22 22:37:28,394 - INFO - Photo processing completed
2024-11-22 22:41:29,054 - INFO - Starting photo processing
2024-11-22 22:41:30,650 - ERROR - OCR error for images\PXL_163.jpg: OpenCV(4.10.0) D:\a\opencv-python\opencv-python\opencv\modules\highgui\src\window.cpp:1301: error: (-2:Unspecified error) The function is not implemented. Rebuild the library with Windows, GTK+ 2.x or Cocoa support. If you are on Ubuntu or Debian, install libgtk2.0-dev and pkg-config, then re-run cmake or configure script in function 'cvShowImage'

2024-11-22 22:41:30,650 - WARNING - Invalid or missing job number for PXL_163.jpg
2024-11-22 22:41:30,651 - INFO - Processed 0 photos into 0 job folders.

2024-11-22 22:41:30,651 - INFO - Photo processing completed
2024-11-22 22:43:51,993 - INFO - Starting photo processing
2024-11-22 22:43:52,002 - ERROR - OCR error for images\PXL_163.jpg: OpenCV(4.10.0) D:\a\opencv-python\opencv-python\opencv\modules\highgui\src\window.cpp:1301: error: (-2:Unspecified error) The function is not implemented. Rebuild the library with Windows, GTK+ 2.x or Cocoa support. If you are on Ubuntu or Debian, install libgtk2.0-dev and pkg-config, then re-run cmake or configure script in function 'cvShowImage'

2024-11-22 22:43:52,002 - WARNING - Invalid or missing job number for PXL_163.jpg
2024-11-22 22:43:52,002 - INFO - Processed 0 photos into 0 job folders.

2024-11-22 22:43:52,002 - INFO - Photo processing completed
2024-11-22 22:44:48,374 - INFO - Starting photo processing
2024-11-22 22:44:48,384 - ERROR - OCR error for images\PXL_163.jpg: OpenCV(4.10.0) D:\a\opencv-python\opencv-python\opencv\modules\highgui\src\window.cpp:1301: error: (-2:Unspecified error) The function is not implemented. Rebuild the library with Windows, GTK+ 2.x or Cocoa support. If you are on Ubuntu or Debian, install libgtk2.0-dev and pkg-config, then re-run cmake or configure script in function 'cvShowImage'

2024-11-22 22:44:48,385 - WARNING - Invalid or missing job number for PXL_163.jpg
2024-11-22 22:44:48,385 - INFO - Processed 0 photos into 0 job folders.

2024-11-22 22:44:48,385 - INFO - Photo processing completed
2024-11-22 22:46:22,510 - INFO - Starting photo processing
2024-11-22 22:46:24,096 - WARNING - Invalid or missing job number for PXL_163.jpg
2024-11-22 22:46:24,096 - INFO - Processed 0 photos into 0 job folders.

2024-11-22 22:46:24,096 - INFO - Photo processing completed
2024-11-22 22:49:10,434 - INFO - Starting photo processing
2024-11-22 22:49:12,089 - WARNING - Invalid or missing job number for PXL_163.jpg
2024-11-22 22:49:12,089 - INFO - Processed 0 photos into 0 job folders.

2024-11-22 22:49:12,089 - INFO - Photo processing completed
2024-11-22 22:50:10,433 - INFO - Starting photo processing
2024-11-22 22:50:13,212 - WARNING - Invalid or missing job number for PXL_163.jpg
2024-11-22 22:50:13,212 - INFO - Processed 0 photos into 0 job folders.

2024-11-22 22:50:13,212 - INFO - Photo processing completed
2024-11-22 22:50:29,098 - INFO - Starting photo processing
2024-11-22 22:50:30,634 - WARNING - Invalid or missing job number for PXL_163.jpg
2024-11-22 22:50:30,634 - INFO - Processed 0 photos into 0 job folders.

2024-11-22 22:50:30,634 - INFO - Photo processing completed
2024-11-22 22:50:45,071 - INFO - Starting photo processing
2024-11-22 22:50:46,585 - WARNING - Invalid or missing job number for PXL_163.jpg
2024-11-22 22:50:46,586 - INFO - Processed 0 photos into 0 job folders.

2024-11-22 22:50:46,586 - INFO - Photo processing completed
2024-11-22 22:51:00,267 - INFO - Starting photo processing
2024-11-22 22:51:01,779 - WARNING - Invalid or missing job number for PXL_163.jpg
2024-11-22 22:51:01,779 - INFO - Processed 0 photos into 0 job folders.

2024-11-22 22:51:01,779 - INFO - Photo processing completed
2024-11-22 22:54:21,633 - INFO - Starting photo processing
2024-11-22 22:54:24,665 - WARNING - Invalid or missing job number for PXL_163.jpg
2024-11-22 22:54:24,665 - INFO - Processed 0 photos into 0 job folders.

2024-11-22 22:54:24,666 - INFO - Photo processing completed
2024-11-22 22:57:24,158 - INFO - Starting photo processing
2024-11-22 22:57:25,094 - WARNING - Invalid or missing job number for PXL_163_h.jpg
2024-11-22 22:57:25,094 - INFO - Processed 0 photos into 0 job folders.

2024-11-22 22:57:25,096 - INFO - Photo processing completed
2024-11-22 23:02:55,409 - INFO - Starting photo processing
2024-11-22 23:02:56,281 - WARNING - Invalid or missing job number for PXL_163_h.jpg
2024-11-22 23:02:56,281 - INFO - Processed 0 photos into 0 job folders.

2024-11-22 23:02:56,281 - INFO - Photo processing completed
2024-11-22 23:03:51,662 - INFO - Starting photo processing
2024-11-22 23:03:52,659 - WARNING - Invalid or missing job number for PXL_163_h.jpg
2024-11-22 23:03:52,660 - INFO - Processed 0 photos into 0 job folders.

2024-11-22 23:03:52,660 - INFO - Photo processing completed
2024-11-22 23:04:03,399 - INFO - Starting photo processing
2024-11-22 23:04:04,568 - WARNING - Invalid or missing job number for PXL_163_h.jpg
2024-11-22 23:04:04,568 - INFO - Processed 0 photos into 0 job folders.

2024-11-22 23:04:04,568 - INFO - Photo processing completed
2024-11-22 23:06:04,863 - INFO - Starting photo processing
2024-11-22 23:06:42,057 - WARNING - Invalid or missing job number for IMG_6981.JPG
2024-11-22 23:07:19,617 - WARNING - Invalid or missing job number for IMG_6931.JPG
2024-11-22 23:07:35,412 - WARNING - Invalid or missing job number for IMG_7010.JPG
2024-11-22 23:08:08,174 - WARNING - Invalid or missing job number for IMG_4670.JPG
2024-11-22 23:08:49,653 - WARNING - Invalid or missing job number for IMG_4677.JPG
2024-11-22 23:09:33,949 - WARNING - Invalid or missing job number for IMG_4678.JPG
2024-11-22 23:10:14,294 - WARNING - Invalid or missing job number for IMG_4678_1.JPG
2024-11-22 23:10:45,261 - INFO - Starting photo processing
2024-11-22 23:12:47,655 - WARNING - Invalid or missing job number for IMG_4670.JPG
2024-11-22 23:13:26,544 - WARNING - Invalid or missing job number for IMG_4677.JPG
2024-11-22 23:14:09,630 - WARNING - Invalid or missing job number for IMG_4678.JPG
2024-11-22 23:14:49,732 - WARNING - Invalid or missing job number for IMG_4678_1.JPG
2024-11-22 23:15:30,519 - WARNING - Invalid or missing job number for IMG_4685.JPG
2024-11-22 23:15:49,117 - WARNING - Invalid or missing job number for PXL_20241114_160818074.jpg
2024-11-22 23:17:20,542 - INFO - Starting photo processing
2024-11-22 23:23:55,519 - WARNING - Invalid or missing job number for PXL_163.jpg
2024-11-22 23:23:56,923 - WARNING - Invalid or missing job number for PXL_20241114_163.jpg
2024-11-22 23:23:58,777 - INFO - Processed 13 photos into 7 job folders.
3 warnings were generated:
Job 240219-02 has only 1 photo(s)
Job 904585-11 has only 1 photo(s)
Job 240416-01 has only 1 photo(s)
2024-11-22 23:23:58,777 - INFO - Photo processing completed
2024-11-22 23:28:56,517 - INFO - Starting photo processing
2024-11-22 23:28:58,111 - WARNING - Invalid or missing job number for PXL_163.jpg
2024-11-22 23:28:58,837 - WARNING - Invalid or missing job number for PXL_20241114_163.jpg
2024-11-22 23:28:58,837 - INFO - Processed 0 photos into 0 job folders.

2024-11-22 23:28:58,837 - INFO - Photo processing completed
2024-11-22 23:43:48,833 - INFO - Starting photo processing
2024-11-22 23:43:50,312 - WARNING - Invalid or missing job number for PXL_163.jpg
2024-11-22 23:43:51,021 - WARNING - Invalid or missing job number for PXL_20241114_163.jpg
2024-11-22 23:43:51,021 - INFO - Processed 0 photos into 0 job folders.

2024-11-22 23:43:51,022 - INFO - Photo processing completed
